INFO  2017-10-26 19:00:54,661 (Saros.java:220) Starting Saros 14.10.31 running:
  Java Version: 1.8.0_144
  Java Vendor: Oracle Corporation
  Eclipse Runtime Version: 3.13.0.v20170207-1030
  Operating System: Windows 10 (10.0)
  Hardware Architecture: amd64
INFO  2017-10-26 19:00:54,689 (SarosContext.java:153) creating Saros runtime context...
DEBUG 2017-10-26 19:00:54,720 (XMPPAccountStore.java:117) loading accounts from file: C:\Users\desch\.saros\config.dat
DEBUG 2017-10-26 19:00:54,990 (XMPPAccountStore.java:176) loaded 1 account(s)
INFO  2017-10-26 19:00:55,141 (SarosContext.java:199) successfully created Saros runtime context
DEBUG 2017-10-26 19:00:55,158 (DataTransferManager.java:467) used transport order for the current XMPP connection: [XMPP-Socks5-Transport, XMPP-IBB-Transport]
INFO  2017-10-26 19:00:55,175 (PreferenceInitializer.java:50) initializing preference default values
DEBUG 2017-10-26 19:00:55,213 (SarosAnnotation.java:117) resetting annotation colors
DEBUG 2017-10-26 19:00:55,220 (Saros.java:264) autogenerated favorite color id is: 1
DEBUG 2017-10-26 19:00:55,220 (Saros.java:430) skipping conversion of old XMPP accounts, because there are already new ones
DEBUG 2017-10-26 19:01:14,512 (WhiteboardManager.java:194) WhiteboardManager instantiated
DEBUG 2017-10-26 19:01:14,544 (DocumentRecord.java:93) Added Node: attr(150903727453920200) name=svg
DEBUG 2017-10-26 19:01:14,712 (XMPPConnectionService.java:439) started Socks5 proxy on port: 7778 [listening on all interfaces]
DEBUG 2017-10-26 19:01:16,415 (XMPPConnectionService.java:459) using autodetected addresses: [192.168.1.4, fe80:0:0:0:7113:7a38:1689:94d1%wlan2]
DEBUG 2017-10-26 19:01:16,420 (XMPPConnectionService.java:398)  new connection state == CONNECTING
ERROR 2017-10-26 19:01:16,955 (StunServiceImpl.java:155) an error occurred while performing a STUN discovery: ICMP Port Unreachable
java.net.PortUnreachableException: ICMP Port Unreachable
	at java.net.DualStackPlainDatagramSocketImpl.socketReceiveOrPeekData(Native Method)
	at java.net.DualStackPlainDatagramSocketImpl.receive0(Unknown Source)
	at java.net.AbstractPlainDatagramSocketImpl.receive(Unknown Source)
	at java.net.DatagramSocket.receive(Unknown Source)
	at de.fu_berlin.inf.dpp.net.stun.internal.StunServiceImpl$StunDiscovery.performStunDiscovery(StunServiceImpl.java:284)
	at de.fu_berlin.inf.dpp.net.stun.internal.StunServiceImpl$StunDiscovery.run(StunServiceImpl.java:151)
	at java.lang.Thread.run(Unknown Source)
DEBUG 2017-10-26 19:01:17,224 (XMPPConnectionService.java:398) danielesc@saros-con.imp.fu-berlin.de/Saros new connection state == CONNECTED
DEBUG 2017-10-26 19:01:17,225 (DataTransferManager.java:467) used transport order for the current XMPP connection: [XMPP-Socks5-Transport, XMPP-IBB-Transport]
DEBUG 2017-10-26 19:01:17,226 (SkypeManager.java:289) Refreshing Skype username cache...
DEBUG 2017-10-26 19:01:17,431 (DiscoveryManager.java:382) Inserted DiscoveryInfo into Cache for: intellijakob@saros-con.imp.fu-berlin.de/Saros
DEBUG 2017-10-26 19:01:18,408 (DiscoveryManager.java:382) Inserted DiscoveryInfo into Cache for: paulistfetter@jabber.de/Saros
DEBUG 2017-10-26 19:01:18,601 (XMPPConnectionService.java:398) danielesc@saros-con.imp.fu-berlin.de/Saros new connection state == DISCONNECTING
DEBUG 2017-10-26 19:01:18,757 (XMPPConnectionService.java:398)  new connection state == NOT_CONNECTED
DEBUG 2017-10-26 19:01:18,758 (UPnPServiceImpl.java:295) deleting existing port mappings
