INFO  2017-11-11 13:56:47,604 (Saros.java:220) Starting Saros 14.10.31 running:
  Java Version: 1.8.0_144
  Java Vendor: Oracle Corporation
  Eclipse Runtime Version: 3.13.0.v20170207-1030
  Operating System: Windows 10 (10.0)
  Hardware Architecture: amd64
INFO  2017-11-11 13:56:47,704 (SarosContext.java:153) creating Saros runtime context...
DEBUG 2017-11-11 13:56:47,763 (XMPPAccountStore.java:117) loading accounts from file: C:\Users\desch\.saros\config.dat
DEBUG 2017-11-11 13:56:48,178 (XMPPAccountStore.java:176) loaded 1 account(s)
INFO  2017-11-11 13:56:48,425 (SarosContext.java:199) successfully created Saros runtime context
DEBUG 2017-11-11 13:56:48,479 (DataTransferManager.java:467) used transport order for the current XMPP connection: [XMPP-Socks5-Transport, XMPP-IBB-Transport]
INFO  2017-11-11 13:56:48,511 (PreferenceInitializer.java:50) initializing preference default values
DEBUG 2017-11-11 13:56:48,574 (SarosAnnotation.java:117) resetting annotation colors
DEBUG 2017-11-11 13:56:48,597 (Saros.java:430) skipping conversion of old XMPP accounts, because there are already new ones
DEBUG 2017-11-11 13:57:50,832 (WhiteboardManager.java:194) WhiteboardManager instantiated
DEBUG 2017-11-11 13:57:50,942 (DocumentRecord.java:93) Added Node: attr(151040507093033531) name=svg
DEBUG 2017-11-11 13:57:51,353 (XMPPConnectionService.java:439) started Socks5 proxy on port: 7777 [listening on all interfaces]
DEBUG 2017-11-11 13:57:51,925 (XMPPConnectionService.java:459) using autodetected addresses: [192.168.1.5, fe80:0:0:0:7113:7a38:1689:94d1%wlan2]
DEBUG 2017-11-11 13:57:51,958 (XMPPConnectionService.java:398)  new connection state == CONNECTING
DEBUG 2017-11-11 13:57:52,780 (XMPPConnectionService.java:398) danielesc@saros-con.imp.fu-berlin.de/Saros new connection state == CONNECTED
DEBUG 2017-11-11 13:57:52,780 (DataTransferManager.java:467) used transport order for the current XMPP connection: [XMPP-Socks5-Transport, XMPP-IBB-Transport]
DEBUG 2017-11-11 13:57:52,782 (SkypeManager.java:289) Refreshing Skype username cache...
WARN  2017-11-11 13:58:02,185 (StunServiceImpl.java:420) received no response from STUN server stunserver.org/67.227.226.240:3478 at local address /192.168.1.5:0
DEBUG 2017-11-11 13:58:03,262 (IconUtils.java:197) color: RGB {255, 255, 255}
DEBUG 2017-11-11 13:58:03,264 (IconUtils.java:208) create foreground icon with color RGB {0, 0, 0}
DEBUG 2017-11-11 13:59:27,097 (XMPPConnectionService.java:398) danielesc@saros-con.imp.fu-berlin.de/Saros new connection state == DISCONNECTING
DEBUG 2017-11-11 13:59:27,249 (XMPPConnectionService.java:398)  new connection state == NOT_CONNECTED
DEBUG 2017-11-11 13:59:27,250 (UPnPServiceImpl.java:295) deleting existing port mappings
