INFO  2017-10-27 08:53:37,584 (Saros.java:220) Starting Saros 14.10.31 running:
  Java Version: 1.8.0_144
  Java Vendor: Oracle Corporation
  Eclipse Runtime Version: 3.13.0.v20170207-1030
  Operating System: Windows 10 (10.0)
  Hardware Architecture: amd64
INFO  2017-10-27 08:53:37,647 (SarosContext.java:153) creating Saros runtime context...
DEBUG 2017-10-27 08:53:37,696 (XMPPAccountStore.java:117) loading accounts from file: C:\Users\desch\.saros\config.dat
DEBUG 2017-10-27 08:53:38,058 (XMPPAccountStore.java:176) loaded 1 account(s)
INFO  2017-10-27 08:53:38,224 (SarosContext.java:199) successfully created Saros runtime context
DEBUG 2017-10-27 08:53:38,277 (DataTransferManager.java:467) used transport order for the current XMPP connection: [XMPP-Socks5-Transport, XMPP-IBB-Transport]
INFO  2017-10-27 08:53:38,295 (PreferenceInitializer.java:50) initializing preference default values
DEBUG 2017-10-27 08:53:38,360 (SarosAnnotation.java:117) resetting annotation colors
DEBUG 2017-10-27 08:53:38,388 (Saros.java:430) skipping conversion of old XMPP accounts, because there are already new ones
DEBUG 2017-10-27 08:54:07,591 (WhiteboardManager.java:194) WhiteboardManager instantiated
DEBUG 2017-10-27 08:54:07,804 (DocumentRecord.java:93) Added Node: attr(150908724779157669) name=svg
DEBUG 2017-10-27 08:54:08,047 (XMPPConnectionService.java:439) started Socks5 proxy on port: 7777 [listening on all interfaces]
DEBUG 2017-10-27 08:54:08,545 (XMPPConnectionService.java:459) using autodetected addresses: [192.168.1.4, fe80:0:0:0:7113:7a38:1689:94d1%wlan2]
DEBUG 2017-10-27 08:54:08,558 (XMPPConnectionService.java:398)  new connection state == CONNECTING
ERROR 2017-10-27 08:54:09,235 (StunServiceImpl.java:155) an error occurred while performing a STUN discovery: ICMP Port Unreachable
java.net.PortUnreachableException: ICMP Port Unreachable
	at java.net.DualStackPlainDatagramSocketImpl.socketReceiveOrPeekData(Native Method)
	at java.net.DualStackPlainDatagramSocketImpl.receive0(Unknown Source)
	at java.net.AbstractPlainDatagramSocketImpl.receive(Unknown Source)
	at java.net.DatagramSocket.receive(Unknown Source)
	at de.fu_berlin.inf.dpp.net.stun.internal.StunServiceImpl$StunDiscovery.performStunDiscovery(StunServiceImpl.java:284)
	at de.fu_berlin.inf.dpp.net.stun.internal.StunServiceImpl$StunDiscovery.run(StunServiceImpl.java:151)
	at java.lang.Thread.run(Unknown Source)
DEBUG 2017-10-27 08:54:09,779 (XMPPConnectionService.java:398) danielesc@saros-con.imp.fu-berlin.de/Saros new connection state == CONNECTED
DEBUG 2017-10-27 08:54:09,780 (DataTransferManager.java:467) used transport order for the current XMPP connection: [XMPP-Socks5-Transport, XMPP-IBB-Transport]
DEBUG 2017-10-27 08:54:09,804 (SkypeManager.java:289) Refreshing Skype username cache...
DEBUG 2017-10-27 08:54:09,817 (UPnPServiceImpl.java:295) deleting existing port mappings
